<?xml version="1.0" encoding="UTF-8"?>
<!-- Generated by org.testng.reporters.JUnitReportReporter -->
<testsuite skipped="0" hostname="INW1PF1KTKR8" name="com.freenow.testScripts.UserBlog" tests="3" failures="0" timestamp="30 Jan 2020 17:46:55 GMT" time="18.809" errors="0">
  <testcase name="emailValidateUserWithSpecialcharactor" time="11.190" classname="com.freenow.testScripts.UserBlog"/>
  <testcase name="emailValidateUserWithInValidUsername" time="0.370" classname="com.freenow.testScripts.UserBlog"/>
  <testcase name="emailValidateForValidUser" time="7.249" classname="com.freenow.testScripts.UserBlog"/>
</testsuite> <!-- com.freenow.testScripts.UserBlog -->
